<?xml version="1.0" encoding="UTF-8"?>
<testsuites>
  <testsuite name="ColorMixerTest" filepath="ruby/minitest/mixer.rb" skipped="0" failures="0" errors="0" tests="3" assertions="3" time="2.573058009147644e-05">
    <testcase name="test_red_and_blue" lineno="7" classname="ColorMixerTest" assertions="1" time="1.55596062541008e-05" file="ruby/minitest/mixer.rb">
    </testcase>
    <testcase name="test_red_and_yellow" lineno="12" classname="ColorMixerTest" assertions="1" time="5.350448191165924e-06" file="ruby/minitest/mixer.rb">
    </testcase>
    <testcase name="test_blue_and_yellow" lineno="17" classname="ColorMixerTest" assertions="1" time="4.820525646209717e-06" file="ruby/minitest/mixer.rb">
    </testcase>
  </testsuite>
</testsuites>
