<?xml version="1.0" encoding="UTF-8"?>
<testsuites>
  <testsuite name="ColorMixerTest" filepath="ruby/minitest/mixer.rb" skipped="0" failures="0" errors="0" tests="3" assertions="3" time="0.00014816317707300186">
    <testcase name="test_red_and_blue" lineno="7" classname="ColorMixerTest" assertions="1" time="0.00013907160609960556" file="ruby/minitest/mixer.rb">
    </testcase>
    <testcase name="test_blue_and_yellow" lineno="17" classname="ColorMixerTest" assertions="1" time="5.271285772323608e-06" file="ruby/minitest/mixer.rb">
    </testcase>
    <testcase name="test_red_and_yellow" lineno="12" classname="ColorMixerTest" assertions="1" time="3.820285201072693e-06" file="ruby/minitest/mixer.rb">
    </testcase>
  </testsuite>
</testsuites>
